[2021-11-30 09:06:37] local.DEBUG: AdminBook>__construct is called  
[2021-11-30 09:06:37] local.DEBUG: AdminBook>index is called  
[2021-11-30 09:06:42] local.DEBUG: Booklist>bookview is called  
[2021-11-30 09:07:31] local.DEBUG: Booklist>printbook is called  
[2021-11-30 09:07:31] local.DEBUG: Booklist>printpdf is called  
[2021-11-30 09:07:31] local.DEBUG: convert:xml is called  
[2021-11-30 09:07:31] local.DEBUG: convert:xml is called  
[2021-11-30 09:07:31] local.DEBUG: convert:xml is called  
[2021-11-30 09:07:31] local.DEBUG: convert:xml is called  
[2021-11-30 09:07:31] local.DEBUG: convert:xml is called  
[2021-11-30 09:07:31] local.DEBUG: convert:xml is called  
[2021-11-30 09:07:31] local.DEBUG: convert:xml is called  
[2021-11-30 09:07:31] local.DEBUG: convert:makemap is called  
[2021-11-30 09:07:31] local.DEBUG: ditaprint is called  
[2021-11-30 09:08:31] local.DEBUG: Booklist>printbook is called  
[2021-11-30 09:08:31] local.DEBUG: Booklist>printpdf is called  
[2021-11-30 09:08:31] local.DEBUG: convert:xml is called  
[2021-11-30 09:08:31] local.DEBUG: convert:xml is called  
[2021-11-30 09:08:31] local.DEBUG: convert:xml is called  
[2021-11-30 09:08:31] local.DEBUG: convert:xml is called  
[2021-11-30 09:08:31] local.DEBUG: convert:xml is called  
[2021-11-30 09:08:31] local.DEBUG: convert:xml is called  
[2021-11-30 09:08:31] local.DEBUG: convert:xml is called  
[2021-11-30 09:08:31] local.DEBUG: convert:makemap is called  
[2021-11-30 09:08:31] local.DEBUG: ditaprint is called  
[2021-11-30 09:20:14] local.DEBUG: AdminBook>__construct is called  
[2021-11-30 09:20:14] local.DEBUG: AdminBook>index is called  
[2021-11-30 09:21:22] local.DEBUG: AdminBook>__construct is called  
[2021-11-30 09:21:22] local.DEBUG: AdminBook>create is called  
[2021-11-30 09:21:26] local.DEBUG: AdminBook>__construct is called  
[2021-11-30 09:21:26] local.DEBUG: AdminBook>index is called  
[2021-11-30 09:21:28] local.DEBUG: Booklist>bookview is called  
[2021-11-30 09:21:29] local.DEBUG: AdminBook>__construct is called  
[2021-11-30 09:21:29] local.DEBUG: AdminBook>index is called  
[2021-11-30 09:21:34] local.DEBUG: Booklist>bookview is called  
[2021-11-30 09:21:40] local.DEBUG: AdminBook>__construct is called  
[2021-11-30 09:21:40] local.DEBUG: AdminBook>edit is called  
